mktextfm SIMHEI
mktextfm SIMHEI
mktextfm SIMHEI
mktextfm SIMHEI/BI
mktextfm SIMHEI
mktextfm SIMHEI/B
mktextfm SIMHEI
mktextfm SIMHEI/I
mktextfm SIMHEI
mktextfm SIMHEI
mktextfm SIMHEI
mktextfm SIMHEI
mktextfm SIMHEI
mktextfm SIMHEI
mktextfm SIMHEI/BI
mktextfm SIMHEI
mktextfm SIMHEI/B
mktextfm SIMHEI
mktextfm SIMHEI/I
mktextfm SIMHEI
mktextfm SIMHEI
mktextfm SIMHEI
mktextfm simhei
mktextfm simhei
mktextfm simhei
mktextfm simhei/BI
mktextfm simhei
mktextfm simhei/B
mktextfm simhei
mktextfm simhei/I
mktextfm simhei
mktextfm simhei
mktextfm simhei
mktextfm uming
mktextfm uming
mktextfm uming
mktextfm uming/BI
mktextfm uming
mktextfm uming/B
mktextfm uming
mktextfm uming/I
mktextfm uming
mktextfm uming
mktextfm uming
